This is pdfTeX, Version 3.1415926-1.40.10 (TeX Live 2009/Debian) (format=pdflatex 2011.6.9)  15 DEC 2012 17:15
entering extended mode
 %&-line parsing enabled.
**informe_tarea.tex
(./informe_tarea.tex
LaTeX2e <2009/09/24>
Babel <v3.8l> and hyphenation patterns for english, usenglishmax, dumylang, noh
yphenation, loaded.
(/usr/share/texmf-texlive/tex/latex/base/article.cls
Document Class: article 2007/10/19 v1.4h Standard LaTeX document class
(/usr/share/texmf-texlive/tex/latex/base/size10.clo
File: size10.clo 2007/10/19 v1.4h Standard LaTeX file (size option)
)
\c@part=\count79
\c@section=\count80
\c@subsection=\count81
\c@subsubsection=\count82
\c@paragraph=\count83
\c@subparagraph=\count84
\c@figure=\count85
\c@table=\count86
\abovecaptionskip=\skip41
\belowcaptionskip=\skip42
\bibindent=\dimen102
)
(/usr/share/texmf-texlive/tex/latex/base/inputenc.sty
Package: inputenc 2008/03/30 v1.1d Input encoding file
\inpenc@prehook=\toks14
\inpenc@posthook=\toks15

(/usr/share/texmf-texlive/tex/latex/ucs/utf8x.def
File: utf8x.def 2004/10/17 UCS: Input encoding UTF-8
))
(/usr/share/texmf-texlive/tex/latex/ucs/ucs.sty
Package: ucs 2004/10/17 UCS: Unicode input support

(/usr/share/texmf-texlive/tex/latex/ucs/data/uni-global.def
File: uni-global.def 2004/10/17 UCS: Unicode global data
)
\uc@secondtry=\count87
\uc@combtoks=\toks16
\uc@combtoksb=\toks17
\uc@temptokena=\toks18
)
(/usr/share/texmf-texlive/tex/latex/graphics/graphicx.sty
Package: graphicx 1999/02/16 v1.0f Enhanced LaTeX Graphics (DPC,SPQR)

(/usr/share/texmf-texlive/tex/latex/graphics/keyval.sty
Package: keyval 1999/03/16 v1.13 key=value parser (DPC)
\KV@toks@=\toks19
)
(/usr/share/texmf-texlive/tex/latex/graphics/graphics.sty
Package: graphics 2009/02/05 v1.0o Standard LaTeX Graphics (DPC,SPQR)

(/usr/share/texmf-texlive/tex/latex/graphics/trig.sty
Package: trig 1999/03/16 v1.09 sin cos tan (DPC)
)
(/etc/texmf/tex/latex/config/graphics.cfg
File: graphics.cfg 2009/08/28 v1.8 graphics configuration of TeX Live
)
Package graphics Info: Driver file: pdftex.def on input line 91.

(/usr/share/texmf-texlive/tex/latex/pdftex-def/pdftex.def
File: pdftex.def 2010/03/12 v0.04p Graphics/color for pdfTeX
\Gread@gobject=\count88
))
\Gin@req@height=\dimen103
\Gin@req@width=\dimen104
)
(./informe_tarea.aux)
\openout1 = `informe_tarea.aux'.

LaTeX Font Info:    Checking defaults for OML/cmm/m/it on input line 9.
LaTeX Font Info:    ... okay on input line 9.
LaTeX Font Info:    Checking defaults for T1/cmr/m/n on input line 9.
LaTeX Font Info:    ... okay on input line 9.
LaTeX Font Info:    Checking defaults for OT1/cmr/m/n on input line 9.
LaTeX Font Info:    ... okay on input line 9.
LaTeX Font Info:    Checking defaults for OMS/cmsy/m/n on input line 9.
LaTeX Font Info:    ... okay on input line 9.
LaTeX Font Info:    Checking defaults for OMX/cmex/m/n on input line 9.
LaTeX Font Info:    ... okay on input line 9.
LaTeX Font Info:    Checking defaults for U/cmr/m/n on input line 9.
LaTeX Font Info:    ... okay on input line 9.
 (/usr/share/texmf-texlive/tex/latex/ucs/ucsencs.def
File: ucsencs.def 2003/11/29 Fixes to fontencodings LGR, T3
)
(/usr/share/texmf-texlive/tex/context/base/supp-pdf.mkii
[Loading MPS to PDF converter (version 2006.09.02).]
\scratchcounter=\count89
\scratchdimen=\dimen105
\scratchbox=\box26
\nofMPsegments=\count90
\nofMParguments=\count91
\everyMPshowfont=\toks20
\MPscratchCnt=\count92
\MPscratchDim=\dimen106
\MPnumerator=\count93
\everyMPtoPDFconversion=\toks21
) (/usr/share/texmf-texlive/tex/latex/ucs/data/uni-0.def
File: uni-0.def 2004/10/17 UCS: Unicode data U+0000..U+00FF
)
LaTeX Font Info:    External font `cmex10' loaded for size
(Font)              <12> on input line 11.
LaTeX Font Info:    External font `cmex10' loaded for size
(Font)              <8> on input line 11.
LaTeX Font Info:    External font `cmex10' loaded for size
(Font)              <6> on input line 11.
LaTeX Font Info:    Try loading font information for OMS+cmr on input line 17.

(/usr/share/texmf-texlive/tex/latex/base/omscmr.fd
File: omscmr.fd 1999/05/25 v2.5h Standard LaTeX font definitions
)
LaTeX Font Info:    Font shape `OMS/cmr/m/n' in size <10> not available
(Font)              Font shape `OMS/cmsy/m/n' tried instead on input line 17.
LaTeX Font Info:    External font `cmex10' loaded for size
(Font)              <7> on input line 17.
LaTeX Font Info:    External font `cmex10' loaded for size
(Font)              <5> on input line 17.

<promedios.jpg, id=1, 644.4075pt x 371.3875pt>
File: promedios.jpg Graphic file (type jpg)
 <use promedios.jpg>
<probabilidadOrdenadas.jpg, id=2, 628.3475pt x 355.3275pt>
File: probabilidadOrdenadas.jpg Graphic file (type jpg)

<use probabilidadOrdenadas.jpg>

LaTeX Warning: `h' float specifier changed to `ht'.

[1

{/var/lib/texmf/fonts/map/pdftex/updmap/pdftex.map} <./promedios.jpg>]
<fracasos.jpg, id=13, 644.4075pt x 370.38374pt>
File: fracasos.jpg Graphic file (type jpg)
 <use fracasos.jpg>
<fracasosOrden.jpg, id=14, 644.4075pt x 394.47375pt>
File: fracasosOrden.jpg Graphic file (type jpg)
 <use fracasosOrden.jpg>

LaTeX Warning: `h' float specifier changed to `ht'.

<reinaspromedio.jpg, id=15, 659.46375pt x 366.36874pt>
File: reinaspromedio.jpg Graphic file (type jpg)

<use reinaspromedio.jpg>

LaTeX Warning: `h' float specifier changed to `ht'.

[2 <./probabilidadOrdenadas.jpg> <./fracasos.jpg>]
<promediosposibles.jpg, id=19, 644.4075pt x 371.3875pt>
File: promediosposibles.jpg Graphic file (type jpg)

<use promediosposibles.jpg>

LaTeX Warning: `h' float specifier changed to `ht'.


Underfull \hbox (badness 10000) in paragraph at lines 80--81

 []


Underfull \hbox (badness 10000) in paragraph at lines 85--87

 []


Underfull \hbox (badness 10000) in paragraph at lines 88--89

 []


Underfull \hbox (badness 10000) in paragraph at lines 90--93

 []


Underfull \hbox (badness 10000) in paragraph at lines 94--95

 []


Underfull \hbox (badness 10000) in paragraph at lines 96--99

 []

[3 <./fracasosOrden.jpg>]
Underfull \hbox (badness 10000) in paragraph at lines 100--101

 []


Underfull \hbox (badness 10000) in paragraph at lines 102--105

 []


Underfull \hbox (badness 10000) in paragraph at lines 106--107

 []


Underfull \hbox (badness 10000) in paragraph at lines 108--111

 []


Underfull \hbox (badness 10000) in paragraph at lines 119--123

 []

<probabilidad10.jpg, id=28, 644.4075pt x 362.35374pt>
File: probabilidad10.jpg Graphic file (type jpg)
 <use probabilidad10.jpg>

LaTeX Warning: `h' float specifier changed to `ht'.

<probabilidadOrden10.jpg, id=29, 667.49374pt x 403.5075pt>
File: probabilidadOrden10.jpg Graphic file (type jpg)

<use probabilidadOrden10.jpg>

LaTeX Warning: `h' float specifier changed to `ht'.


Underfull \hbox (badness 10000) in paragraph at lines 143--147

 []

[4 <./reinaspromedio.jpg>] <fracasos10.jpg, id=33, 644.4075pt x 371.3875pt>
File: fracasos10.jpg Graphic file (type jpg)

<use fracasos10.jpg>

LaTeX Warning: `h' float specifier changed to `ht'.

<fracasosOrd10.jpg, id=34, 667.49374pt x 362.35374pt>
File: fracasosOrd10.jpg Graphic file (type jpg)
 <use fracasosOrd10.jpg>

LaTeX Warning: `h' float specifier changed to `ht'.


Underfull \hbox (badness 10000) in paragraph at lines 167--171

 []

<reinas10.jpg, id=35, 667.49374pt x 371.3875pt>
File: reinas10.jpg Graphic file (type jpg)
 <use reinas10.jpg>

LaTeX Warning: `h' float specifier changed to `ht'.


Underfull \hbox (badness 10000) in paragraph at lines 184--188

 []

<posibles10.jpg, id=36, 667.49374pt x 387.4475pt>
File: posibles10.jpg Graphic file (type jpg)
 <use posibles10.jpg> [5 <./promediosposibles.jpg>]

LaTeX Warning: `h' float specifier changed to `ht'.

[6 <./probabilidad10.jpg>] [7 <./probabilidadOrden10.jpg> <./fracasos10.jpg>]
[8 <./fracasosOrd10.jpg> <./reinas10.jpg>] [9 <./posibles10.jpg>]
(./informe_tarea.aux) ) 
Here is how much of TeX's memory you used:
 1758 strings out of 495061
 23182 string characters out of 1182622
 78109 words of memory out of 3000000
 4949 multiletter control sequences out of 15000+50000
 7280 words of font info for 26 fonts, out of 3000000 for 9000
 28 hyphenation exceptions out of 8191
 25i,8n,20p,334b,587s stack positions out of 5000i,500n,10000p,200000b,50000s
</usr/share/texmf-texlive/fonts/type1/public/amsfonts/cm
/cmbx12.pfb></usr/share/texmf-texlive/fonts/type1/public/amsfonts/cm/cmmi10.pfb
></usr/share/texmf-texlive/fonts/type1/public/amsfonts/cm/cmmi5.pfb></usr/share
/texmf-texlive/fonts/type1/public/amsfonts/cm/cmmi7.pfb></usr/share/texmf-texli
ve/fonts/type1/public/amsfonts/cm/cmr10.pfb></usr/share/texmf-texlive/fonts/typ
e1/public/amsfonts/cm/cmr12.pfb></usr/share/texmf-texlive/fonts/type1/public/am
sfonts/cm/cmr17.pfb></usr/share/texmf-texlive/fonts/type1/public/amsfonts/cm/cm
r5.pfb></usr/share/texmf-texlive/fonts/type1/public/amsfonts/cm/cmsy10.pfb></us
r/share/texmf-texlive/fonts/type1/public/amsfonts/cm/cmsy5.pfb></usr/share/texm
f-texlive/fonts/type1/public/amsfonts/cm/cmsy7.pfb>
Output written on informe_tarea.pdf (9 pages, 487964 bytes).
PDF statistics:
 88 PDF objects out of 1000 (max. 8388607)
 0 named destinations out of 1000 (max. 500000)
 61 words of extra memory for PDF output out of 10000 (max. 10000000)

